This is pdfTeX, Version 3.141592653-2.6-1.40.27 (TeX Live 2026/dev/Arch Linux) (preloaded format=pdflatex 2025.5.23)  25 JUN 2025 14:40
entering extended mode
 restricted \write18 enabled.
 file:line:error style messages enabled.
 %&-line parsing enabled.
**/home/ashwot/projects/proof-form/proposal/formalization_of_proofs.tex
(/home/ashwot/projects/proof-form/proposal/formalization_of_proofs.tex
LaTeX2e <2024-11-01> patch level 2
L3 programming layer <2025-01-18>
(/usr/share/texmf-dist/tex/latex/base/article.cls
Document Class: article 2024/06/29 v1.4n Standard LaTeX document class
(/usr/share/texmf-dist/tex/latex/base/size10.clo
File: size10.clo 2024/06/29 v1.4n Standard LaTeX file (size option)
)
\c@part=\count196
\c@section=\count197
\c@subsection=\count198
\c@subsubsection=\count199
\c@paragraph=\count266
\c@subparagraph=\count267
\c@figure=\count268
\c@table=\count269
\abovecaptionskip=\skip49
\belowcaptionskip=\skip50
\bibindent=\dimen141
) (/usr/share/texmf-dist/tex/latex/natbib/natbib.sty
Package: natbib 2010/09/13 8.31b (PWD, AO)
\bibhang=\skip51
\bibsep=\skip52
LaTeX Info: Redefining \cite on input line 694.
\c@NAT@ctr=\count270
) (/usr/share/texmf-dist/tex/latex/ntgclass/a4.sty
Package: a4 2023/01/10 v1.2g A4 based page layout
) (/usr/share/texmf-dist/tex/latex/l3backend/l3backend-pdftex.def
File: l3backend-pdftex.def 2024-05-08 L3 backend support: PDF output (pdfTeX)
\l__color_backend_stack_int=\count271
\l__pdf_internal_box=\box52
) (./formalization_of_proofs.aux)
\openout1 = `formalization_of_proofs.aux'.

LaTeX Font Info:    Checking defaults for OML/cmm/m/it on input line 13.
LaTeX Font Info:    ... okay on input line 13.
LaTeX Font Info:    Checking defaults for OMS/cmsy/m/n on input line 13.
LaTeX Font Info:    ... okay on input line 13.
LaTeX Font Info:    Checking defaults for OT1/cmr/m/n on input line 13.
LaTeX Font Info:    ... okay on input line 13.
LaTeX Font Info:    Checking defaults for T1/cmr/m/n on input line 13.
LaTeX Font Info:    ... okay on input line 13.
LaTeX Font Info:    Checking defaults for TS1/cmr/m/n on input line 13.
LaTeX Font Info:    ... okay on input line 13.
LaTeX Font Info:    Checking defaults for OMX/cmex/m/n on input line 13.
LaTeX Font Info:    ... okay on input line 13.
LaTeX Font Info:    Checking defaults for U/cmr/m/n on input line 13.
LaTeX Font Info:    ... okay on input line 13.
LaTeX Font Info:    External font `cmex10' loaded for size
(Font)              <12> on input line 15.
LaTeX Font Info:    External font `cmex10' loaded for size
(Font)              <8> on input line 15.
LaTeX Font Info:    External font `cmex10' loaded for size
(Font)              <6> on input line 15.


[1

{/var/lib/texmf/fonts/map/pdftex/updmap/pdftex.map}]
LaTeX Font Info:    External font `cmex10' loaded for size
(Font)              <7> on input line 49.
LaTeX Font Info:    External font `cmex10' loaded for size
(Font)              <5> on input line 49.

/home/ashwot/projects/proof-form/proposal/formalization_of_proofs.tex:49: Undefined control sequence.
l.49 ...heir correosponding typable $ \lambda$\hyp
                                                  {}terms. which means that ...
The control sequence at the end of the top line
of your error message was never \def'ed. If you have
misspelled it (e.g., `\hobx'), type `I' and the correct
spelling (e.g., `I\hbox'). Otherwise just continue,
and I'll forget about whatever was undefined.



[2]
/home/ashwot/projects/proof-form/proposal/formalization_of_proofs.tex:54: You can't use `the letter p' after \the.
l.54 ...at each proof assistant use and how \the p
                                                  roof assistant use such lo...
I'm forgetting what you said and using zero instead.

/home/ashwot/projects/proof-form/proposal/formalization_of_proofs.tex:66: Undefined control sequence.
l.66         \toprule
                     
The control sequence at the end of the top line
of your error message was never \def'ed. If you have
misspelled it (e.g., `\hobx'), type `I' and the correct
spelling (e.g., `I\hbox'). Otherwise just continue,
and I'll forget about whatever was undefined.

/home/ashwot/projects/proof-form/proposal/formalization_of_proofs.tex:68: Undefined control sequence.
<recently read> \toprule 
                         
l.68         \toprule
                     
The control sequence at the end of the top line
of your error message was never \def'ed. If you have
misspelled it (e.g., `\hobx'), type `I' and the correct
spelling (e.g., `I\hbox'). Otherwise just continue,
and I'll forget about whatever was undefined.

/home/ashwot/projects/proof-form/proposal/formalization_of_proofs.tex:70: Undefined control sequence.
<recently read> \midrule 
                         
l.70         \midrule
                     
The control sequence at the end of the top line
of your error message was never \def'ed. If you have
misspelled it (e.g., `\hobx'), type `I' and the correct
spelling (e.g., `I\hbox'). Otherwise just continue,
and I'll forget about whatever was undefined.

/home/ashwot/projects/proof-form/proposal/formalization_of_proofs.tex:72: Undefined control sequence.
<recently read> \midrule 
                         
l.72         \midrule
                     
The control sequence at the end of the top line
of your error message was never \def'ed. If you have
misspelled it (e.g., `\hobx'), type `I' and the correct
spelling (e.g., `I\hbox'). Otherwise just continue,
and I'll forget about whatever was undefined.

/home/ashwot/projects/proof-form/proposal/formalization_of_proofs.tex:74: Undefined control sequence.
<recently read> \midrule 
                         
l.74         \midrule
                     
The control sequence at the end of the top line
of your error message was never \def'ed. If you have
misspelled it (e.g., `\hobx'), type `I' and the correct
spelling (e.g., `I\hbox'). Otherwise just continue,
and I'll forget about whatever was undefined.

/home/ashwot/projects/proof-form/proposal/formalization_of_proofs.tex:76: Undefined control sequence.
<recently read> \midrule 
                         
l.76         \midrule
                     
The control sequence at the end of the top line
of your error message was never \def'ed. If you have
misspelled it (e.g., `\hobx'), type `I' and the correct
spelling (e.g., `I\hbox'). Otherwise just continue,
and I'll forget about whatever was undefined.

/home/ashwot/projects/proof-form/proposal/formalization_of_proofs.tex:78: Undefined control sequence.
<recently read> \bottomrule 
                            
l.78         \bottomrule
                        
The control sequence at the end of the top line
of your error message was never \def'ed. If you have
misspelled it (e.g., `\hobx'), type `I' and the correct
spelling (e.g., `I\hbox'). Otherwise just continue,
and I'll forget about whatever was undefined.



[3]

[4]
/home/ashwot/projects/proof-form/proposal/formalization_of_proofs.tex:87: Undefined control sequence.
l.87 ...e confirmed. Nature, 395(6701), pp.435\hyp
                                                  {}436 doi:https://doi.org/...
The control sequence at the end of the top line
of your error message was never \def'ed. If you have
misspelled it (e.g., `\hobx'), type `I' and the correct
spelling (e.g., `I\hbox'). Otherwise just continue,
and I'll forget about whatever was undefined.

/home/ashwot/projects/proof-form/proposal/formalization_of_proofs.tex:88: Undefined control sequence.
l.88 ...oof stack up? Nature, 424(6944), pp.12\hyp
                                                  {}3,  doi:https://doi.org/...
The control sequence at the end of the top line
of your error message was never \def'ed. If you have
misspelled it (e.g., `\hobx'), type `I' and the correct
spelling (e.g., `I\hbox'). Otherwise just continue,
and I'll forget about whatever was undefined.

/home/ashwot/projects/proof-form/proposal/formalization_of_proofs.tex:89: Undefined control sequence.
l.89 ...thods. Elsevier eBooks, [online] pp.55\hyp
                                                  {}65\\doi:https://doi.org/...
The control sequence at the end of the top line
of your error message was never \def'ed. If you have
misspelled it (e.g., `\hobx'), type `I' and the correct
spelling (e.g., `I\hbox'). Otherwise just continue,
and I'll forget about whatever was undefined.

/home/ashwot/projects/proof-form/proposal/formalization_of_proofs.tex:90: Undefined control sequence.
l.90 ...ideas and future. Sadhana, 34(1), pp.3\hyp
                                                  {}25 doi:https://doi.org/1...
The control sequence at the end of the top line
of your error message was never \def'ed. If you have
misspelled it (e.g., `\hobx'), type `I' and the correct
spelling (e.g., `I\hbox'). Otherwise just continue,
and I'll forget about whatever was undefined.

/home/ashwot/projects/proof-form/proposal/formalization_of_proofs.tex:91: Undefined control sequence.
l.91 ...Theorem Proving. North-Holland, pp.135\hyp
                                                  {}214.\\doi:https://doi.or...
The control sequence at the end of the top line
of your error message was never \def'ed. If you have
misspelled it (e.g., `\hobx'), type `I' and the correct
spelling (e.g., `I\hbox'). Otherwise just continue,
and I'll forget about whatever was undefined.

/home/ashwot/projects/proof-form/proposal/formalization_of_proofs.tex:92: Undefined control sequence.
l.92 ... the Foundations of Mathematics, pp.77\hyp
                                                  {}101.\\doi:https://doi.or...
The control sequence at the end of the top line
of your error message was never \def'ed. If you have
misspelled it (e.g., `\hobx'), type `I' and the correct
spelling (e.g., `I\hbox'). Otherwise just continue,
and I'll forget about whatever was undefined.

/home/ashwot/projects/proof-form/proposal/formalization_of_proofs.tex:93: Undefined control sequence.
l.93 ...s. Formal Models and Semantics, pp.321\hyp
                                                  {}363 \\doi:https://doi.or...
The control sequence at the end of the top line
of your error message was never \def'ed. If you have
misspelled it (e.g., `\hobx'), type `I' and the correct
spelling (e.g., `I\hbox'). Otherwise just continue,
and I'll forget about whatever was undefined.



[5] (./formalization_of_proofs.aux)
 ***********
LaTeX2e <2024-11-01> patch level 2
L3 programming layer <2025-01-18>
 ***********
 ) 
Here is how much of TeX's memory you used:
 844 strings out of 475171
 13817 string characters out of 5767095
 407002 words of memory out of 5000000
 23903 multiletter control sequences out of 15000+600000
 562477 words of font info for 48 fonts, out of 8000000 for 9000
 14 hyphenation exceptions out of 8191
 35i,9n,50p,549b,196s stack positions out of 10000i,1000n,20000p,200000b,200000s
</usr/share/texmf-dist/fonts/type1/public/amsfonts/cm/cmbx12.pfb></usr/share/texmf-dist/fonts/type1/public/amsfonts/cm/cmmi10.pfb></usr/share/texmf-dist/fonts/type1/public/amsfonts/cm/cmr10.pfb></usr/share/texmf-dist/fonts/type1/public/amsfonts/cm/cmr12.pfb></usr/share/texmf-dist/fonts/type1/public/amsfonts/cm/cmr17.pfb>
Output written on formalization_of_proofs.pdf (5 pages, 83064 bytes).
PDF statistics:
 45 PDF objects out of 1000 (max. 8388607)
 27 compressed objects within 1 object stream
 0 named destinations out of 1000 (max. 500000)
 1 words of extra memory for PDF output out of 10000 (max. 10000000)

